{
  "stats": {
    "suites": 1,
    "tests": 3,
    "passes": 2,
    "pending": 0,
    "failures": 1,
    "start": "2023-01-18T06:55:19.135Z",
    "end": "2023-01-18T06:56:06.389Z",
    "duration": 47254,
    "testsRegistered": 3,
    "passPercent": 66.66666666666666,
    "pendingPercent": 0,
    "other": 0,
    "hasOther": false,
    "skipped": 0,
    "hasSkipped": false
  },
  "results": [
    {
      "uuid": "53fb38aa-012b-4160-9068-1e441cf8ea3f",
      "title": "",
      "fullFile": "cypress/e2e/cogmentoapp/HomePage.spec.cy.js",
      "file": "cypress/e2e/cogmentoapp/HomePage.spec.cy.js",
      "beforeHooks": [],
      "afterHooks": [],
      "tests": [],
      "suites": [
        {
          "uuid": "2df57f24-1a42-4f10-9d3f-d887ea86ed5b",
          "title": "HomePage Verification",
          "fullFile": "",
          "file": "",
          "beforeHooks": [],
          "afterHooks": [],
          "tests": [
            {
              "title": "verify homepage url",
              "fullTitle": "HomePage Verification verify homepage url",
              "timedOut": null,
              "duration": 32477,
              "state": "passed",
              "speed": "slow",
              "pass": true,
              "fail": false,
              "pending": false,
              "context": null,
              "code": "homePage = loginPage.loginCogmento();\ncy.wait(10000);\ncy.xpath(\"//i[@class='home icon']\").click();\ncy.url().should('be.equals', `${_data.default.loginUrl}home`);\nconsole.log(cy.title());",
              "err": {},
              "uuid": "ec2fc78b-73fc-49e5-a558-6e38f74322dd",
              "parentUUID": "2df57f24-1a42-4f10-9d3f-d887ea86ed5b",
              "isHook": false,
              "skipped": false
            },
            {
              "title": "verify title",
              "fullTitle": "HomePage Verification verify title",
              "timedOut": null,
              "duration": 147,
              "state": "passed",
              "speed": "fast",
              "pass": true,
              "fail": false,
              "pending": false,
              "context": null,
              "code": "cy.title().should('eq', 'Cogmento CRM');",
              "err": {},
              "uuid": "8f4ae015-f912-47ff-809b-42547df778d1",
              "parentUUID": "2df57f24-1a42-4f10-9d3f-d887ea86ed5b",
              "isHook": false,
              "skipped": false
            },
            {
              "title": "check mouse hover",
              "fullTitle": "HomePage Verification check mouse hover",
              "timedOut": null,
              "duration": 11134,
              "state": "failed",
              "speed": null,
              "pass": false,
              "fail": true,
              "pending": false,
              "context": null,
              "code": "//ExecutionHelper.mouseHover(cy.xpath('//i[@class=\"calendar icon\"]'))\n//ExecutionHelper.realMouseHover(cy.xpath('//i[@class=\"calendar icon\"]'))\ncy.contains('Calendar').trigger('mouseover');\ncy.xpath('//*[@id=\"main-nav\"]/div[2]/button/i').click();\ncy.wait(5000);",
              "err": {
                "message": "CypressError: Timed out retrying after 10000ms: `cy.trigger()` failed because this element:\n\n`<a class=\"item\" href=\"/calendar\">...</a>`\n\nis being covered by another element:\n\n`<div class=\"ui fluid container custom-dashboard-container card-container\">...</div>`\n\nFix this problem, or use {force: true} to disable error checking.\n\nhttps://on.cypress.io/element-cannot-be-interacted-with",
                "estack": "CypressError: Timed out retrying after 10000ms: `cy.trigger()` failed because this element:\n\n`<a class=\"item\" href=\"/calendar\">...</a>`\n\nis being covered by another element:\n\n`<div class=\"ui fluid container custom-dashboard-container card-container\">...</div>`\n\nFix this problem, or use {force: true} to disable error checking.\n\nhttps://on.cypress.io/element-cannot-be-interacted-with\n    at $Cy.ensureDescendents (https://ui.cogmento.com/__cypress/runner/cypress_runner.js:162005:78)\n    at ensureDescendents (https://ui.cogmento.com/__cypress/runner/cypress_runner.js:147397:8)\n    at ensureDescendentsAndScroll (https://ui.cogmento.com/__cypress/runner/cypress_runner.js:147404:14)\n    at ensureElIsNotCovered (https://ui.cogmento.com/__cypress/runner/cypress_runner.js:147536:5)\n    at runAllChecks (https://ui.cogmento.com/__cypress/runner/cypress_runner.js:147726:52)\n    at retryActionability (https://ui.cogmento.com/__cypress/runner/cypress_runner.js:147750:16)\n    at tryCatcher (https://ui.cogmento.com/__cypress/runner/cypress_runner.js:13012:23)\n    at Function.Promise.attempt.Promise.try (https://ui.cogmento.com/__cypress/runner/cypress_runner.js:10286:29)\n    at whenStable (https://ui.cogmento.com/__cypress/runner/cypress_runner.js:166931:65)\n    at https://ui.cogmento.com/__cypress/runner/cypress_runner.js:166385:14\n    at tryCatcher (https://ui.cogmento.com/__cypress/runner/cypress_runner.js:13012:23)\n    at Promise._settlePromiseFromHandler (https://ui.cogmento.com/__cypress/runner/cypress_runner.js:10947:31)\n    at Promise._settlePromise (https://ui.cogmento.com/__cypress/runner/cypress_runner.js:11004:18)\n    at Promise._settlePromise0 (https://ui.cogmento.com/__cypress/runner/cypress_runner.js:11049:10)\n    at Promise._settlePromises (https://ui.cogmento.com/__cypress/runner/cypress_runner.js:11129:18)\n    at Promise._fulfill (https://ui.cogmento.com/__cypress/runner/cypress_runner.js:11073:18)\n    at https://ui.cogmento.com/__cypress/runner/cypress_runner.js:12687:46\nFrom Your Spec Code:\n    at Context.eval (https://ui.cogmento.com/__cypress/tests?p=cypress/e2e/cogmentoapp/HomePage.spec.cy.js:167:29)",
                "diff": null
              },
              "uuid": "589acf61-285c-4846-b5bc-5be9cd5c4aec",
              "parentUUID": "2df57f24-1a42-4f10-9d3f-d887ea86ed5b",
              "isHook": false,
              "skipped": false
            }
          ],
          "suites": [],
          "passes": [
            "ec2fc78b-73fc-49e5-a558-6e38f74322dd",
            "8f4ae015-f912-47ff-809b-42547df778d1"
          ],
          "failures": [
            "589acf61-285c-4846-b5bc-5be9cd5c4aec"
          ],
          "pending": [],
          "skipped": [],
          "duration": 43758,
          "root": false,
          "rootEmpty": false,
          "_timeout": 2000
        }
      ],
      "passes": [],
      "failures": [],
      "pending": [],
      "skipped": [],
      "duration": 0,
      "root": true,
      "rootEmpty": true,
      "_timeout": 2000
    }
  ],
  "meta": {
    "mocha": {
      "version": "7.0.1"
    },
    "mochawesome": {
      "options": {
        "quiet": false,
        "reportFilename": "report",
        "saveHtml": true,
        "saveJson": true,
        "consoleReporter": "spec",
        "useInlineDiffs": false,
        "code": true
      },
      "version": "7.1.3"
    },
    "marge": {
      "options": {
        "reportDir": "cypress/reports",
        "reportFilename": "report",
        "overwrite": false,
        "html": true,
        "json": true,
        "charts": true
      },
      "version": "6.2.0"
    }
  }
}