{
  "stats": {
    "suites": 1,
    "tests": 1,
    "passes": 1,
    "pending": 0,
    "failures": 0,
    "start": "2023-01-18T06:56:21.875Z",
    "end": "2023-01-18T06:56:43.732Z",
    "duration": 21857,
    "testsRegistered": 1,
    "passPercent": 100,
    "pendingPercent": 0,
    "other": 0,
    "hasOther": false,
    "skipped": 0,
    "hasSkipped": false
  },
  "results": [
    {
      "uuid": "181f25e7-9a8a-4cca-9962-30b92a7d7691",
      "title": "",
      "fullFile": "cypress/e2e/cogmentoapp/Login.spec.cy.js",
      "file": "cypress/e2e/cogmentoapp/Login.spec.cy.js",
      "beforeHooks": [],
      "afterHooks": [],
      "tests": [],
      "suites": [
        {
          "uuid": "25bbdf1b-6ed7-4f71-b70a-722885d72f4c",
          "title": "Cogmento App",
          "fullFile": "",
          "file": "",
          "beforeHooks": [],
          "afterHooks": [],
          "tests": [
            {
              "title": "Login Test",
              "fullTitle": "Cogmento App Login Test",
              "timedOut": null,
              "duration": 18859,
              "state": "passed",
              "speed": "slow",
              "pass": true,
              "fail": false,
              "pending": false,
              "context": null,
              "code": "page.loginCogmento();",
              "err": {},
              "uuid": "cc04d39e-4418-433a-bde6-e06cbbd7a61c",
              "parentUUID": "25bbdf1b-6ed7-4f71-b70a-722885d72f4c",
              "isHook": false,
              "skipped": false
            }
          ],
          "suites": [],
          "passes": [
            "cc04d39e-4418-433a-bde6-e06cbbd7a61c"
          ],
          "failures": [],
          "pending": [],
          "skipped": [],
          "duration": 18859,
          "root": false,
          "rootEmpty": false,
          "_timeout": 2000
        }
      ],
      "passes": [],
      "failures": [],
      "pending": [],
      "skipped": [],
      "duration": 0,
      "root": true,
      "rootEmpty": true,
      "_timeout": 2000
    }
  ],
  "meta": {
    "mocha": {
      "version": "7.0.1"
    },
    "mochawesome": {
      "options": {
        "quiet": false,
        "reportFilename": "report",
        "saveHtml": true,
        "saveJson": true,
        "consoleReporter": "spec",
        "useInlineDiffs": false,
        "code": true
      },
      "version": "7.1.3"
    },
    "marge": {
      "options": {
        "reportDir": "cypress/reports",
        "reportFilename": "report",
        "overwrite": false,
        "html": true,
        "json": true,
        "charts": true
      },
      "version": "6.2.0"
    }
  }
}